2013/10/29 22:58:54 [error] [php] Undefined variable: model (C:\xampp\htdocs\skykey\protected\views\site\pages\register.php:37)
Stack trace:
#0 C:\xampp\htdocs\yii\framework\web\CController.php(869): SiteController->renderFile()
#1 C:\xampp\htdocs\yii\framework\web\CController.php(782): SiteController->renderPartial()
#2 C:\xampp\htdocs\yii\framework\web\actions\CViewAction.php(140): SiteController->render()
#3 C:\xampp\htdocs\yii\framework\web\actions\CAction.php(76): CViewAction->run()
#4 C:\xampp\htdocs\yii\framework\web\CController.php(308): CViewAction->runWithParams()
#5 C:\xampp\htdocs\yii\framework\web\CController.php(286): SiteController->runAction()
#6 C:\xampp\htdocs\yii\framework\web\CController.php(265): SiteController->runActionWithFilters()
#7 C:\xampp\htdocs\yii\framework\web\CWebApplication.php(282): SiteController->run()
#8 C:\xampp\htdocs\yii\framework\web\CWebApplication.php(141): CWebApplication->runController()
#9 C:\xampp\htdocs\yii\framework\base\CApplication.php(180): CWebApplication->processRequest()
#10 C:\xampp\htdocs\skykey\index.php(13): CWebApplication->run()
REQUEST_URI=/skykey/index.php?r=site/page&view=register
in C:\xampp\htdocs\skykey\protected\views\site\pages\register.php (37)
in C:\xampp\htdocs\skykey\index.php (13)
2013/10/29 23:03:07 [error] [php] Undefined variable: model (C:\xampp\htdocs\skykey\protected\views\site\pages\register.php:37)
Stack trace:
#0 C:\xampp\htdocs\yii\framework\web\CController.php(869): SiteController->renderFile()
#1 C:\xampp\htdocs\yii\framework\web\CController.php(782): SiteController->renderPartial()
#2 C:\xampp\htdocs\yii\framework\web\actions\CViewAction.php(140): SiteController->render()
#3 C:\xampp\htdocs\yii\framework\web\actions\CAction.php(76): CViewAction->run()
#4 C:\xampp\htdocs\yii\framework\web\CController.php(308): CViewAction->runWithParams()
#5 C:\xampp\htdocs\yii\framework\web\CController.php(286): SiteController->runAction()
#6 C:\xampp\htdocs\yii\framework\web\CController.php(265): SiteController->runActionWithFilters()
#7 C:\xampp\htdocs\yii\framework\web\CWebApplication.php(282): SiteController->run()
#8 C:\xampp\htdocs\yii\framework\web\CWebApplication.php(141): CWebApplication->runController()
#9 C:\xampp\htdocs\yii\framework\base\CApplication.php(180): CWebApplication->processRequest()
#10 C:\xampp\htdocs\skykey\index.php(13): CWebApplication->run()
REQUEST_URI=/skykey/index.php?r=site/page&view=register
in C:\xampp\htdocs\skykey\protected\views\site\pages\register.php (37)
in C:\xampp\htdocs\skykey\index.php (13)
2013/10/29 23:08:46 [error] [php] Undefined variable: model (C:\xampp\htdocs\skykey\protected\views\site\pages\register.php:37)
Stack trace:
#0 C:\xampp\htdocs\yii\framework\web\CController.php(869): SiteController->renderFile()
#1 C:\xampp\htdocs\yii\framework\web\CController.php(782): SiteController->renderPartial()
#2 C:\xampp\htdocs\yii\framework\web\actions\CViewAction.php(140): SiteController->render()
#3 C:\xampp\htdocs\yii\framework\web\actions\CAction.php(76): CViewAction->run()
#4 C:\xampp\htdocs\yii\framework\web\CController.php(308): CViewAction->runWithParams()
#5 C:\xampp\htdocs\yii\framework\web\CController.php(286): SiteController->runAction()
#6 C:\xampp\htdocs\yii\framework\web\CController.php(265): SiteController->runActionWithFilters()
#7 C:\xampp\htdocs\yii\framework\web\CWebApplication.php(282): SiteController->run()
#8 C:\xampp\htdocs\yii\framework\web\CWebApplication.php(141): CWebApplication->runController()
#9 C:\xampp\htdocs\yii\framework\base\CApplication.php(180): CWebApplication->processRequest()
#10 C:\xampp\htdocs\skykey\index.php(13): CWebApplication->run()
REQUEST_URI=/skykey/index.php?r=site/page&view=register
in C:\xampp\htdocs\skykey\protected\views\site\pages\register.php (37)
in C:\xampp\htdocs\skykey\index.php (13)
2013/10/29 23:10:08 [error] [php] Undefined variable: model (C:\xampp\htdocs\skykey\protected\views\site\pages\register.php:37)
Stack trace:
#0 C:\xampp\htdocs\yii\framework\web\CController.php(869): SiteController->renderFile()
#1 C:\xampp\htdocs\yii\framework\web\CController.php(782): SiteController->renderPartial()
#2 C:\xampp\htdocs\yii\framework\web\actions\CViewAction.php(140): SiteController->render()
#3 C:\xampp\htdocs\yii\framework\web\actions\CAction.php(76): CViewAction->run()
#4 C:\xampp\htdocs\yii\framework\web\CController.php(308): CViewAction->runWithParams()
#5 C:\xampp\htdocs\yii\framework\web\CController.php(286): SiteController->runAction()
#6 C:\xampp\htdocs\yii\framework\web\CController.php(265): SiteController->runActionWithFilters()
#7 C:\xampp\htdocs\yii\framework\web\CWebApplication.php(282): SiteController->run()
#8 C:\xampp\htdocs\yii\framework\web\CWebApplication.php(141): CWebApplication->runController()
#9 C:\xampp\htdocs\yii\framework\base\CApplication.php(180): CWebApplication->processRequest()
#10 C:\xampp\htdocs\skykey\index.php(13): CWebApplication->run()
REQUEST_URI=/skykey/index.php?r=site/page&view=register
in C:\xampp\htdocs\skykey\protected\views\site\pages\register.php (37)
in C:\xampp\htdocs\skykey\index.php (13)
2013/10/29 23:11:04 [error] [php] Undefined variable: model (C:\xampp\htdocs\skykey\protected\views\site\pages\register.php:37)
Stack trace:
#0 C:\xampp\htdocs\yii\framework\web\CController.php(869): SiteController->renderFile()
#1 C:\xampp\htdocs\yii\framework\web\CController.php(782): SiteController->renderPartial()
#2 C:\xampp\htdocs\yii\framework\web\actions\CViewAction.php(140): SiteController->render()
#3 C:\xampp\htdocs\yii\framework\web\actions\CAction.php(76): CViewAction->run()
#4 C:\xampp\htdocs\yii\framework\web\CController.php(308): CViewAction->runWithParams()
#5 C:\xampp\htdocs\yii\framework\web\CController.php(286): SiteController->runAction()
#6 C:\xampp\htdocs\yii\framework\web\CController.php(265): SiteController->runActionWithFilters()
#7 C:\xampp\htdocs\yii\framework\web\CWebApplication.php(282): SiteController->run()
#8 C:\xampp\htdocs\yii\framework\web\CWebApplication.php(141): CWebApplication->runController()
#9 C:\xampp\htdocs\yii\framework\base\CApplication.php(180): CWebApplication->processRequest()
#10 C:\xampp\htdocs\skykey\index.php(13): CWebApplication->run()
REQUEST_URI=/skykey/index.php?r=site/page&view=register
in C:\xampp\htdocs\skykey\protected\views\site\pages\register.php (37)
in C:\xampp\htdocs\skykey\index.php (13)
2013/10/29 23:11:07 [error] [php] Undefined variable: model (C:\xampp\htdocs\skykey\protected\views\site\pages\register.php:37)
Stack trace:
#0 C:\xampp\htdocs\yii\framework\web\CController.php(869): SiteController->renderFile()
#1 C:\xampp\htdocs\yii\framework\web\CController.php(782): SiteController->renderPartial()
#2 C:\xampp\htdocs\yii\framework\web\actions\CViewAction.php(140): SiteController->render()
#3 C:\xampp\htdocs\yii\framework\web\actions\CAction.php(76): CViewAction->run()
#4 C:\xampp\htdocs\yii\framework\web\CController.php(308): CViewAction->runWithParams()
#5 C:\xampp\htdocs\yii\framework\web\CController.php(286): SiteController->runAction()
#6 C:\xampp\htdocs\yii\framework\web\CController.php(265): SiteController->runActionWithFilters()
#7 C:\xampp\htdocs\yii\framework\web\CWebApplication.php(282): SiteController->run()
#8 C:\xampp\htdocs\yii\framework\web\CWebApplication.php(141): CWebApplication->runController()
#9 C:\xampp\htdocs\yii\framework\base\CApplication.php(180): CWebApplication->processRequest()
#10 C:\xampp\htdocs\skykey\index.php(13): CWebApplication->run()
REQUEST_URI=/skykey/index.php?r=site/page&view=register
in C:\xampp\htdocs\skykey\protected\views\site\pages\register.php (37)
in C:\xampp\htdocs\skykey\index.php (13)
