2014/01/06 04:46:13 [error] [exception.CDbException] exception 'CDbException' with message 'CDbConnection failed to open the DB connection: SQLSTATE[HY000] [1049] Unknown database 'keyofthesky'' in C:\xampp\htdocs\Yii\framework\db\CDbConnection.php:381
Stack trace:
#0 C:\xampp\htdocs\Yii\framework\db\CDbConnection.php(330): CDbConnection->open()
#1 C:\xampp\htdocs\Yii\framework\db\CDbConnection.php(308): CDbConnection->setActive(true)
#2 C:\xampp\htdocs\Yii\framework\base\CModule.php(387): CDbConnection->init()
#3 C:\xampp\htdocs\Yii\framework\base\CModule.php(103): CModule->getComponent('db')
#4 C:\xampp\htdocs\skykey\protected\views\site\index.php(100): CModule->__get('db')
#5 C:\xampp\htdocs\Yii\framework\web\CBaseController.php(126): require('C:\xampp\htdocs...')
#6 C:\xampp\htdocs\Yii\framework\web\CBaseController.php(95): CBaseController->renderInternal('C:\xampp\htdocs...', NULL, true)
#7 C:\xampp\htdocs\Yii\framework\web\CController.php(869): CBaseController->renderFile('C:\xampp\htdocs...', NULL, true)
#8 C:\xampp\htdocs\Yii\framework\web\CController.php(782): CController->renderPartial('index', NULL, true)
#9 C:\xampp\htdocs\skykey\protected\controllers\SiteController.php(32): CController->render('index')
#10 C:\xampp\htdocs\Yii\framework\web\actions\CInlineAction.php(49): SiteController->actionIndex()
#11 C:\xampp\htdocs\Yii\framework\web\CController.php(308): CInlineAction->runWithParams(Array)
#12 C:\xampp\htdocs\Yii\framework\web\CController.php(286): CController->runAction(Object(CInlineAction))
#13 C:\xampp\htdocs\Yii\framework\web\CController.php(265): CController->runActionWithFilters(Object(CInlineAction), Array)
#14 C:\xampp\htdocs\Yii\framework\web\CWebApplication.php(282): CController->run('')
#15 C:\xampp\htdocs\Yii\framework\web\CWebApplication.php(141): CWebApplication->runController('')
#16 C:\xampp\htdocs\Yii\framework\base\CApplication.php(169): CWebApplication->processRequest()
#17 C:\xampp\htdocs\skykey\index.php(13): CApplication->run()
#18 {main}
REQUEST_URI=/skykey/
---
2014/01/06 05:58:42 [error] [php] Undefined index: stCode (C:\xampp\htdocs\skykey\protected\controllers\SiteController.php:934)
Stack trace:
#0 C:\xampp\htdocs\Yii\framework\web\CController.php(286): SiteController->runAction()
#1 C:\xampp\htdocs\Yii\framework\web\CController.php(265): SiteController->runActionWithFilters()
#2 C:\xampp\htdocs\Yii\framework\web\CWebApplication.php(282): SiteController->run()
#3 C:\xampp\htdocs\Yii\framework\web\CWebApplication.php(141): CWebApplication->runController()
#4 C:\xampp\htdocs\Yii\framework\base\CApplication.php(169): CWebApplication->processRequest()
#5 C:\xampp\htdocs\skykey\index.php(13): CWebApplication->run()
REQUEST_URI=/skykey/index.php/site/givePoint
in C:\xampp\htdocs\skykey\protected\controllers\SiteController.php (934)
in C:\xampp\htdocs\skykey\index.php (13)
2014/01/06 06:13:20 [warning] [application] Failed to set unsafe attribute "picture" of "StudentForm".
in C:\xampp\htdocs\skykey\protected\controllers\SiteController.php (565)
in C:\xampp\htdocs\skykey\index.php (13)
2014/01/06 06:13:21 [error] [system.db.CDbCommand] CDbCommand::execute() failed: SQLSTATE[HY093]: Invalid parameter number: number of bound variables does not match number of tokens. The SQL statement executed was: INSERT INTO student (stName, stFamily, fatherName, parentCode, Id, school, schoolId, stCode, address, picture, birthdate) VALUES(:stName, :stFamily, :fatherName, :parentCode, :Id , :school, :schoolId, :stCode, :address, :picture,:birthdate).
in C:\xampp\htdocs\skykey\protected\controllers\SiteController.php (610)
in C:\xampp\htdocs\skykey\index.php (13)
2014/01/06 06:13:21 [error] [exception.CDbException] exception 'CDbException' with message 'خطای CDbCommand در اجرای SQL statement: SQLSTATE[HY093]: Invalid parameter number: number of bound variables does not match number of tokens. The SQL statement executed was: INSERT INTO student (stName, stFamily, fatherName, parentCode, Id, school, schoolId, stCode, address, picture, birthdate) VALUES(:stName, :stFamily, :fatherName, :parentCode, :Id , :school, :schoolId, :stCode, :address, :picture,:birthdate)' in C:\xampp\htdocs\Yii\framework\db\CDbCommand.php:357
Stack trace:
#0 C:\xampp\htdocs\skykey\protected\controllers\SiteController.php(610): CDbCommand->execute()
#1 C:\xampp\htdocs\Yii\framework\web\actions\CInlineAction.php(49): SiteController->actionstudent()
#2 C:\xampp\htdocs\Yii\framework\web\CController.php(308): CInlineAction->runWithParams(Array)
#3 C:\xampp\htdocs\Yii\framework\web\CController.php(286): CController->runAction(Object(CInlineAction))
#4 C:\xampp\htdocs\Yii\framework\web\CController.php(265): CController->runActionWithFilters(Object(CInlineAction), Array)
#5 C:\xampp\htdocs\Yii\framework\web\CWebApplication.php(282): CController->run('student')
#6 C:\xampp\htdocs\Yii\framework\web\CWebApplication.php(141): CWebApplication->runController('site/student')
#7 C:\xampp\htdocs\Yii\framework\base\CApplication.php(169): CWebApplication->processRequest()
#8 C:\xampp\htdocs\skykey\index.php(13): CApplication->run()
#9 {main}
REQUEST_URI=/skykey/index.php/site/student
HTTP_REFERER=http://localhost/skykey/index.php/site/student
---
2014/01/06 06:14:43 [warning] [application] Failed to set unsafe attribute "picture" of "StudentForm".
in C:\xampp\htdocs\skykey\protected\controllers\SiteController.php (565)
in C:\xampp\htdocs\skykey\index.php (13)
2014/01/06 06:14:44 [error] [system.db.CDbCommand] CDbCommand::execute() failed: SQLSTATE[HY093]: Invalid parameter number: number of bound variables does not match number of tokens. The SQL statement executed was: INSERT INTO student (stName, stFamily, fatherName, parentCode, Id, school, schoolId, stCode, address, picture, birthdate) VALUES(:stName, :stFamily, :fatherName, :parentCode, :Id , :school, :schoolId, :stCode, :address, :picture,:birthdate).
in C:\xampp\htdocs\skykey\protected\controllers\SiteController.php (610)
in C:\xampp\htdocs\skykey\index.php (13)
2014/01/06 06:14:44 [error] [exception.CDbException] exception 'CDbException' with message 'خطای CDbCommand در اجرای SQL statement: SQLSTATE[HY093]: Invalid parameter number: number of bound variables does not match number of tokens. The SQL statement executed was: INSERT INTO student (stName, stFamily, fatherName, parentCode, Id, school, schoolId, stCode, address, picture, birthdate) VALUES(:stName, :stFamily, :fatherName, :parentCode, :Id , :school, :schoolId, :stCode, :address, :picture,:birthdate)' in C:\xampp\htdocs\Yii\framework\db\CDbCommand.php:357
Stack trace:
#0 C:\xampp\htdocs\skykey\protected\controllers\SiteController.php(610): CDbCommand->execute()
#1 C:\xampp\htdocs\Yii\framework\web\actions\CInlineAction.php(49): SiteController->actionstudent()
#2 C:\xampp\htdocs\Yii\framework\web\CController.php(308): CInlineAction->runWithParams(Array)
#3 C:\xampp\htdocs\Yii\framework\web\CController.php(286): CController->runAction(Object(CInlineAction))
#4 C:\xampp\htdocs\Yii\framework\web\CController.php(265): CController->runActionWithFilters(Object(CInlineAction), Array)
#5 C:\xampp\htdocs\Yii\framework\web\CWebApplication.php(282): CController->run('student')
#6 C:\xampp\htdocs\Yii\framework\web\CWebApplication.php(141): CWebApplication->runController('site/student')
#7 C:\xampp\htdocs\Yii\framework\base\CApplication.php(169): CWebApplication->processRequest()
#8 C:\xampp\htdocs\skykey\index.php(13): CApplication->run()
#9 {main}
REQUEST_URI=/skykey/index.php/site/student
HTTP_REFERER=http://localhost/skykey/index.php/site/student
---
2014/01/06 06:15:40 [warning] [application] Failed to set unsafe attribute "picture" of "StudentForm".
in C:\xampp\htdocs\skykey\protected\controllers\SiteController.php (565)
in C:\xampp\htdocs\skykey\index.php (13)
2014/01/06 07:15:07 [error] [exception.CDbException] exception 'CDbException' with message 'CDbDataReader نمی تواند rewind کند. forward-only reader می باشد.' in C:\xampp\htdocs\Yii\framework\db\CDbDataReader.php:203
Stack trace:
#0 C:\xampp\htdocs\skykey\protected\views\site\MosqueHome.php(179): CDbDataReader->rewind()
#1 C:\xampp\htdocs\Yii\framework\web\CBaseController.php(126): require('C:\xampp\htdocs...')
#2 C:\xampp\htdocs\Yii\framework\web\CBaseController.php(95): CBaseController->renderInternal('C:\xampp\htdocs...', NULL, true)
#3 C:\xampp\htdocs\Yii\framework\web\CController.php(869): CBaseController->renderFile('C:\xampp\htdocs...', NULL, true)
#4 C:\xampp\htdocs\Yii\framework\web\CController.php(782): CController->renderPartial('MosqueHome', NULL, true)
#5 C:\xampp\htdocs\skykey\protected\controllers\SiteController.php(48): CController->render('MosqueHome')
#6 C:\xampp\htdocs\Yii\framework\web\actions\CInlineAction.php(49): SiteController->actionMosqueHome()
#7 C:\xampp\htdocs\Yii\framework\web\CController.php(308): CInlineAction->runWithParams(Array)
#8 C:\xampp\htdocs\Yii\framework\web\CController.php(286): CController->runAction(Object(CInlineAction))
#9 C:\xampp\htdocs\Yii\framework\web\CController.php(265): CController->runActionWithFilters(Object(CInlineAction), Array)
#10 C:\xampp\htdocs\Yii\framework\web\CWebApplication.php(282): CController->run('MosqueHome')
#11 C:\xampp\htdocs\Yii\framework\web\CWebApplication.php(141): CWebApplication->runController('site/MosqueHome')
#12 C:\xampp\htdocs\Yii\framework\base\CApplication.php(169): CWebApplication->processRequest()
#13 C:\xampp\htdocs\skykey\index.php(13): CApplication->run()
#14 {main}
REQUEST_URI=/skykey/index.php/site/MosqueHome
HTTP_REFERER=http://localhost/skykey/index.php/site/CollectiveScoring/actId/1
---
2014/01/06 07:18:02 [error] [exception.CDbException] exception 'CDbException' with message 'CDbDataReader نمی تواند rewind کند. forward-only reader می باشد.' in C:\xampp\htdocs\Yii\framework\db\CDbDataReader.php:203
Stack trace:
#0 C:\xampp\htdocs\skykey\protected\views\site\MosqueHome.php(179): CDbDataReader->rewind()
#1 C:\xampp\htdocs\Yii\framework\web\CBaseController.php(126): require('C:\xampp\htdocs...')
#2 C:\xampp\htdocs\Yii\framework\web\CBaseController.php(95): CBaseController->renderInternal('C:\xampp\htdocs...', NULL, true)
#3 C:\xampp\htdocs\Yii\framework\web\CController.php(869): CBaseController->renderFile('C:\xampp\htdocs...', NULL, true)
#4 C:\xampp\htdocs\Yii\framework\web\CController.php(782): CController->renderPartial('MosqueHome', NULL, true)
#5 C:\xampp\htdocs\skykey\protected\controllers\SiteController.php(48): CController->render('MosqueHome')
#6 C:\xampp\htdocs\Yii\framework\web\actions\CInlineAction.php(49): SiteController->actionMosqueHome()
#7 C:\xampp\htdocs\Yii\framework\web\CController.php(308): CInlineAction->runWithParams(Array)
#8 C:\xampp\htdocs\Yii\framework\web\CController.php(286): CController->runAction(Object(CInlineAction))
#9 C:\xampp\htdocs\Yii\framework\web\CController.php(265): CController->runActionWithFilters(Object(CInlineAction), Array)
#10 C:\xampp\htdocs\Yii\framework\web\CWebApplication.php(282): CController->run('MosqueHome')
#11 C:\xampp\htdocs\Yii\framework\web\CWebApplication.php(141): CWebApplication->runController('site/MosqueHome')
#12 C:\xampp\htdocs\Yii\framework\base\CApplication.php(169): CWebApplication->processRequest()
#13 C:\xampp\htdocs\skykey\index.php(13): CApplication->run()
#14 {main}
REQUEST_URI=/skykey/index.php/site/MosqueHome
HTTP_REFERER=http://localhost/skykey/index.php/site/CollectiveScoring/actId/1
---
2014/01/06 07:24:03 [error] [exception.CHttpException.404] exception 'CHttpException' with message 'سیستم توانایی یافتن عمل  "CollectiveAction" را ندارد.' in C:\xampp\htdocs\Yii\framework\web\CController.php:483
Stack trace:
#0 C:\xampp\htdocs\Yii\framework\web\CController.php(270): CController->missingAction('CollectiveActio...')
#1 C:\xampp\htdocs\Yii\framework\web\CWebApplication.php(282): CController->run('CollectiveActio...')
#2 C:\xampp\htdocs\Yii\framework\web\CWebApplication.php(141): CWebApplication->runController('site/Collective...')
#3 C:\xampp\htdocs\Yii\framework\base\CApplication.php(169): CWebApplication->processRequest()
#4 C:\xampp\htdocs\skykey\index.php(13): CApplication->run()
#5 {main}
REQUEST_URI=/skykey/index.php/site/CollectiveAction/actId/1
HTTP_REFERER=http://localhost/skykey/index.php/site/MosqueHome
---
2014/01/06 07:27:51 [error] [exception.CHttpException.404] exception 'CHttpException' with message 'سیستم توانایی یافتن عمل  "CollectiveAction" را ندارد.' in C:\xampp\htdocs\Yii\framework\web\CController.php:483
Stack trace:
#0 C:\xampp\htdocs\Yii\framework\web\CController.php(270): CController->missingAction('CollectiveActio...')
#1 C:\xampp\htdocs\Yii\framework\web\CWebApplication.php(282): CController->run('CollectiveActio...')
#2 C:\xampp\htdocs\Yii\framework\web\CWebApplication.php(141): CWebApplication->runController('site/Collective...')
#3 C:\xampp\htdocs\Yii\framework\base\CApplication.php(169): CWebApplication->processRequest()
#4 C:\xampp\htdocs\skykey\index.php(13): CApplication->run()
#5 {main}
REQUEST_URI=/skykey/index.php/site/CollectiveAction/actId/1
HTTP_REFERER=http://localhost/skykey/index.php/site/MosqueHome
---
2014/01/06 07:28:13 [error] [exception.CHttpException.404] exception 'CHttpException' with message 'سیستم توانایی یافتن عمل  "CollectiveAction" را ندارد.' in C:\xampp\htdocs\Yii\framework\web\CController.php:483
Stack trace:
#0 C:\xampp\htdocs\Yii\framework\web\CController.php(270): CController->missingAction('CollectiveActio...')
#1 C:\xampp\htdocs\Yii\framework\web\CWebApplication.php(282): CController->run('CollectiveActio...')
#2 C:\xampp\htdocs\Yii\framework\web\CWebApplication.php(141): CWebApplication->runController('site/Collective...')
#3 C:\xampp\htdocs\Yii\framework\base\CApplication.php(169): CWebApplication->processRequest()
#4 C:\xampp\htdocs\skykey\index.php(13): CApplication->run()
#5 {main}
REQUEST_URI=/skykey/index.php/site/CollectiveAction/actId/1
HTTP_REFERER=http://localhost/skykey/index.php/site/MosqueHome
---
2014/01/06 07:54:12 [error] [exception.CException] exception 'CException' with message 'ویژگیهای "CollectiveActionForm.rewardTopic" تعریف نشده است' in C:\xampp\htdocs\Yii\framework\base\CComponent.php:130
Stack trace:
#0 C:\xampp\htdocs\Yii\framework\web\helpers\CHtml.php(2255): CComponent->__get('rewardTopic')
#1 C:\xampp\htdocs\Yii\framework\web\helpers\CHtml.php(1980): CHtml::resolveValue(Object(CollectiveActionForm), 'rewardTopic')
#2 C:\xampp\htdocs\Yii\framework\web\helpers\CHtml.php(1257): CHtml::activeInputField('text', Object(CollectiveActionForm), 'rewardTopic', Array)
#3 C:\xampp\htdocs\Yii\framework\web\widgets\CActiveForm.php(657): CHtml::activeTextField(Object(CollectiveActionForm), 'rewardTopic', Array)
#4 C:\xampp\htdocs\skykey\protected\views\site\reward.php(39): CActiveForm->textField(Object(CollectiveActionForm), 'rewardTopic')
#5 C:\xampp\htdocs\Yii\framework\web\CBaseController.php(126): require('C:\xampp\htdocs...')
#6 C:\xampp\htdocs\Yii\framework\web\CBaseController.php(95): CBaseController->renderInternal('C:\xampp\htdocs...', Array, true)
#7 C:\xampp\htdocs\Yii\framework\web\CController.php(869): CBaseController->renderFile('C:\xampp\htdocs...', Array, true)
#8 C:\xampp\htdocs\Yii\framework\web\CController.php(782): CController->renderPartial('reward', Array, true)
#9 C:\xampp\htdocs\skykey\protected\controllers\SiteController.php(1674): CController->render('reward', Array)
#10 C:\xampp\htdocs\Yii\framework\web\actions\CInlineAction.php(49): SiteController->actioncollectiveAction()
#11 C:\xampp\htdocs\Yii\framework\web\CController.php(308): CInlineAction->runWithParams(Array)
#12 C:\xampp\htdocs\Yii\framework\web\CController.php(286): CController->runAction(Object(CInlineAction))
#13 C:\xampp\htdocs\Yii\framework\web\CController.php(265): CController->runActionWithFilters(Object(CInlineAction), Array)
#14 C:\xampp\htdocs\Yii\framework\web\CWebApplication.php(282): CController->run('CollectiveActio...')
#15 C:\xampp\htdocs\Yii\framework\web\CWebApplication.php(141): CWebApplication->runController('site/Collective...')
#16 C:\xampp\htdocs\Yii\framework\base\CApplication.php(169): CWebApplication->processRequest()
#17 C:\xampp\htdocs\skykey\index.php(13): CApplication->run()
#18 {main}
REQUEST_URI=/skykey/index.php/site/CollectiveAction/actId/1
HTTP_REFERER=http://localhost/skykey/index.php/site/MosqueHome
---
2014/01/06 08:23:42 [error] [exception.CException] exception 'CException' with message 'ویژگیهای "CollectiveActionForm.actda" تعریف نشده است' in C:\xampp\htdocs\Yii\framework\base\CComponent.php:173
Stack trace:
#0 C:\xampp\htdocs\Yii\framework\base\CModel.php(471): CComponent->__set('actda', '????????/????/?...')
#1 C:\xampp\htdocs\Yii\framework\base\CComponent.php(152): CModel->setAttributes(Array)
#2 C:\xampp\htdocs\skykey\protected\controllers\SiteController.php(1638): CComponent->__set('attributes', Array)
#3 C:\xampp\htdocs\Yii\framework\web\actions\CInlineAction.php(49): SiteController->actioncollectiveAction()
#4 C:\xampp\htdocs\Yii\framework\web\CController.php(308): CInlineAction->runWithParams(Array)
#5 C:\xampp\htdocs\Yii\framework\web\CController.php(286): CController->runAction(Object(CInlineAction))
#6 C:\xampp\htdocs\Yii\framework\web\CController.php(265): CController->runActionWithFilters(Object(CInlineAction), Array)
#7 C:\xampp\htdocs\Yii\framework\web\CWebApplication.php(282): CController->run('CollectiveActio...')
#8 C:\xampp\htdocs\Yii\framework\web\CWebApplication.php(141): CWebApplication->runController('site/Collective...')
#9 C:\xampp\htdocs\Yii\framework\base\CApplication.php(169): CWebApplication->processRequest()
#10 C:\xampp\htdocs\skykey\index.php(13): CApplication->run()
#11 {main}
REQUEST_URI=/skykey/index.php/site/CollectiveAction/actId/1
HTTP_REFERER=http://localhost/skykey/index.php/site/CollectiveAction/actId/1
---
2014/01/06 08:24:12 [error] [system.db.CDbCommand] CDbCommand::fetchColumn() failed: SQLSTATE[HY000]: General error: 1267 Illegal mix of collations (latin1_swedish_ci,IMPLICIT) and (utf8_general_ci,COERCIBLE) for operation '='. The SQL statement executed was: SELECT count(*)
FROM `moscolact`
WHERE mosqueId=:mosqueId and actId=:actId and actda=:actda.
in C:\xampp\htdocs\skykey\protected\controllers\SiteController.php (1650)
in C:\xampp\htdocs\skykey\index.php (13)
2014/01/06 08:24:12 [error] [exception.CDbException] exception 'CDbException' with message 'خطای CDbCommand در اجرای SQL statement: SQLSTATE[HY000]: General error: 1267 Illegal mix of collations (latin1_swedish_ci,IMPLICIT) and (utf8_general_ci,COERCIBLE) for operation '='. The SQL statement executed was: SELECT count(*)
FROM `moscolact`
WHERE mosqueId=:mosqueId and actId=:actId and actda=:actda' in C:\xampp\htdocs\Yii\framework\db\CDbCommand.php:541
Stack trace:
#0 C:\xampp\htdocs\Yii\framework\db\CDbCommand.php(432): CDbCommand->queryInternal('fetchColumn', 0, Array)
#1 C:\xampp\htdocs\skykey\protected\controllers\SiteController.php(1650): CDbCommand->queryScalar(Array)
#2 C:\xampp\htdocs\Yii\framework\web\actions\CInlineAction.php(49): SiteController->actioncollectiveAction()
#3 C:\xampp\htdocs\Yii\framework\web\CController.php(308): CInlineAction->runWithParams(Array)
#4 C:\xampp\htdocs\Yii\framework\web\CController.php(286): CController->runAction(Object(CInlineAction))
#5 C:\xampp\htdocs\Yii\framework\web\CController.php(265): CController->runActionWithFilters(Object(CInlineAction), Array)
#6 C:\xampp\htdocs\Yii\framework\web\CWebApplication.php(282): CController->run('CollectiveActio...')
#7 C:\xampp\htdocs\Yii\framework\web\CWebApplication.php(141): CWebApplication->runController('site/Collective...')
#8 C:\xampp\htdocs\Yii\framework\base\CApplication.php(169): CWebApplication->processRequest()
#9 C:\xampp\htdocs\skykey\index.php(13): CApplication->run()
#10 {main}
REQUEST_URI=/skykey/index.php/site/CollectiveAction/actId/1
HTTP_REFERER=http://localhost/skykey/index.php/site/CollectiveAction/actId/1
---
2014/01/06 08:45:43 [error] [php] Undefined variable: colact (C:\xampp\htdocs\skykey\protected\views\site\SchoolHome.php:174)
Stack trace:
#0 C:\xampp\htdocs\Yii\framework\web\CController.php(869): SiteController->renderFile()
#1 C:\xampp\htdocs\Yii\framework\web\CController.php(782): SiteController->renderPartial()
#2 C:\xampp\htdocs\skykey\protected\controllers\SiteController.php(82): SiteController->render()
#3 C:\xampp\htdocs\Yii\framework\web\actions\CInlineAction.php(49): SiteController->actionSchoolHome()
#4 C:\xampp\htdocs\Yii\framework\web\CController.php(308): CInlineAction->runWithParams()
#5 C:\xampp\htdocs\Yii\framework\web\CController.php(286): SiteController->runAction()
#6 C:\xampp\htdocs\Yii\framework\web\CController.php(265): SiteController->runActionWithFilters()
#7 C:\xampp\htdocs\Yii\framework\web\CWebApplication.php(282): SiteController->run()
#8 C:\xampp\htdocs\Yii\framework\web\CWebApplication.php(141): CWebApplication->runController()
#9 C:\xampp\htdocs\Yii\framework\base\CApplication.php(169): CWebApplication->processRequest()
#10 C:\xampp\htdocs\skykey\index.php(13): CWebApplication->run()
REQUEST_URI=/skykey/index.php/site/SchoolHome
in C:\xampp\htdocs\skykey\protected\views\site\SchoolHome.php (174)
in C:\xampp\htdocs\skykey\protected\controllers\SiteController.php (82)
in C:\xampp\htdocs\skykey\index.php (13)
2014/01/06 09:03:40 [error] [php] Undefined variable: schoolId (C:\xampp\htdocs\skykey\protected\controllers\SiteController.php:1683)
Stack trace:
#0 C:\xampp\htdocs\Yii\framework\web\CController.php(286): SiteController->runAction()
#1 C:\xampp\htdocs\Yii\framework\web\CController.php(265): SiteController->runActionWithFilters()
#2 C:\xampp\htdocs\Yii\framework\web\CWebApplication.php(282): SiteController->run()
#3 C:\xampp\htdocs\Yii\framework\web\CWebApplication.php(141): CWebApplication->runController()
#4 C:\xampp\htdocs\Yii\framework\base\CApplication.php(169): CWebApplication->processRequest()
#5 C:\xampp\htdocs\skykey\index.php(13): CWebApplication->run()
REQUEST_URI=/skykey/index.php/site/CollectiveAction/actId/11
in C:\xampp\htdocs\skykey\protected\controllers\SiteController.php (1683)
in C:\xampp\htdocs\skykey\index.php (13)
2014/01/06 09:08:03 [error] [system.db.CDbCommand] CDbCommand::fetchColumn() failed: SQLSTATE[HY000]: General error: 1267 Illegal mix of collations (latin1_swedish_ci,IMPLICIT) and (utf8_general_ci,COERCIBLE) for operation '='. The SQL statement executed was: SELECT count(*)
FROM `schcolact`
WHERE schoolId=:schoolId and actId=:actId and actda=:actda.
in C:\xampp\htdocs\skykey\protected\controllers\SiteController.php (1689)
in C:\xampp\htdocs\skykey\index.php (13)
2014/01/06 09:08:03 [error] [exception.CDbException] exception 'CDbException' with message 'خطای CDbCommand در اجرای SQL statement: SQLSTATE[HY000]: General error: 1267 Illegal mix of collations (latin1_swedish_ci,IMPLICIT) and (utf8_general_ci,COERCIBLE) for operation '='. The SQL statement executed was: SELECT count(*)
FROM `schcolact`
WHERE schoolId=:schoolId and actId=:actId and actda=:actda' in C:\xampp\htdocs\Yii\framework\db\CDbCommand.php:541
Stack trace:
#0 C:\xampp\htdocs\Yii\framework\db\CDbCommand.php(432): CDbCommand->queryInternal('fetchColumn', 0, Array)
#1 C:\xampp\htdocs\skykey\protected\controllers\SiteController.php(1689): CDbCommand->queryScalar(Array)
#2 C:\xampp\htdocs\Yii\framework\web\actions\CInlineAction.php(49): SiteController->actioncollectiveAction()
#3 C:\xampp\htdocs\Yii\framework\web\CController.php(308): CInlineAction->runWithParams(Array)
#4 C:\xampp\htdocs\Yii\framework\web\CController.php(286): CController->runAction(Object(CInlineAction))
#5 C:\xampp\htdocs\Yii\framework\web\CController.php(265): CController->runActionWithFilters(Object(CInlineAction), Array)
#6 C:\xampp\htdocs\Yii\framework\web\CWebApplication.php(282): CController->run('CollectiveActio...')
#7 C:\xampp\htdocs\Yii\framework\web\CWebApplication.php(141): CWebApplication->runController('site/Collective...')
#8 C:\xampp\htdocs\Yii\framework\base\CApplication.php(169): CWebApplication->processRequest()
#9 C:\xampp\htdocs\skykey\index.php(13): CApplication->run()
#10 {main}
REQUEST_URI=/skykey/index.php/site/CollectiveAction/actId/11
HTTP_REFERER=http://localhost/skykey/index.php/site/CollectiveAction/actId/11
---
2014/01/06 09:19:17 [warning] [application] Failed to set unsafe attribute "picture" of "StudentForm".
in C:\xampp\htdocs\skykey\protected\controllers\SiteController.php (565)
in C:\xampp\htdocs\skykey\index.php (13)
2014/01/06 09:22:07 [warning] [application] Failed to set unsafe attribute "picture" of "StudentForm".
in C:\xampp\htdocs\skykey\protected\controllers\SiteController.php (565)
in C:\xampp\htdocs\skykey\index.php (13)
2014/01/06 09:28:36 [error] [exception.CHttpException.404] exception 'CHttpException' with message 'سیستم توانایی یافتن عمل  "js" را ندارد.' in C:\xampp\htdocs\Yii\framework\web\CController.php:483
Stack trace:
#0 C:\xampp\htdocs\Yii\framework\web\CController.php(270): CController->missingAction('js')
#1 C:\xampp\htdocs\Yii\framework\web\CWebApplication.php(282): CController->run('js')
#2 C:\xampp\htdocs\Yii\framework\web\CWebApplication.php(141): CWebApplication->runController('site/js/jalaliC...')
#3 C:\xampp\htdocs\Yii\framework\base\CApplication.php(169): CWebApplication->processRequest()
#4 C:\xampp\htdocs\skykey\index.php(13): CApplication->run()
#5 {main}
REQUEST_URI=/skykey/index.php/site/js/jalaliCalendar/assets/js/calendar.js
HTTP_REFERER=http://localhost/skykey/index.php/site/editstudent/stCode/2147483647
---
2014/01/06 09:28:36 [error] [exception.CHttpException.404] exception 'CHttpException' with message 'سیستم توانایی یافتن عمل  "js" را ندارد.' in C:\xampp\htdocs\Yii\framework\web\CController.php:483
Stack trace:
#0 C:\xampp\htdocs\Yii\framework\web\CController.php(270): CController->missingAction('js')
#1 C:\xampp\htdocs\Yii\framework\web\CWebApplication.php(282): CController->run('js')
#2 C:\xampp\htdocs\Yii\framework\web\CWebApplication.php(141): CWebApplication->runController('site/js/jalaliC...')
#3 C:\xampp\htdocs\Yii\framework\base\CApplication.php(169): CWebApplication->processRequest()
#4 C:\xampp\htdocs\skykey\index.php(13): CApplication->run()
#5 {main}
REQUEST_URI=/skykey/index.php/site/js/jalaliCalendar/assets/skins/aqua/theme.css
HTTP_REFERER=http://localhost/skykey/index.php/site/editstudent/stCode/2147483647
---
2014/01/06 09:28:36 [error] [exception.CHttpException.404] exception 'CHttpException' with message 'سیستم توانایی یافتن عمل  "js" را ندارد.' in C:\xampp\htdocs\Yii\framework\web\CController.php:483
Stack trace:
#0 C:\xampp\htdocs\Yii\framework\web\CController.php(270): CController->missingAction('js')
#1 C:\xampp\htdocs\Yii\framework\web\CWebApplication.php(282): CController->run('js')
#2 C:\xampp\htdocs\Yii\framework\web\CWebApplication.php(141): CWebApplication->runController('site/js/jalaliC...')
#3 C:\xampp\htdocs\Yii\framework\base\CApplication.php(169): CWebApplication->processRequest()
#4 C:\xampp\htdocs\skykey\index.php(13): CApplication->run()
#5 {main}
REQUEST_URI=/skykey/index.php/site/js/jalaliCalendar/assets/js/jalali.js
HTTP_REFERER=http://localhost/skykey/index.php/site/editstudent/stCode/2147483647
---
2014/01/06 09:28:36 [error] [exception.CHttpException.404] exception 'CHttpException' with message 'سیستم توانایی یافتن عمل  "js" را ندارد.' in C:\xampp\htdocs\Yii\framework\web\CController.php:483
Stack trace:
#0 C:\xampp\htdocs\Yii\framework\web\CController.php(270): CController->missingAction('js')
#1 C:\xampp\htdocs\Yii\framework\web\CWebApplication.php(282): CController->run('js')
#2 C:\xampp\htdocs\Yii\framework\web\CWebApplication.php(141): CWebApplication->runController('site/js/jalaliC...')
#3 C:\xampp\htdocs\Yii\framework\base\CApplication.php(169): CWebApplication->processRequest()
#4 C:\xampp\htdocs\skykey\index.php(13): CApplication->run()
#5 {main}
REQUEST_URI=/skykey/index.php/site/js/jalaliCalendar/assets/js/lang/calendar-fa.js
HTTP_REFERER=http://localhost/skykey/index.php/site/editstudent/stCode/2147483647
---
2014/01/06 09:28:36 [error] [exception.CHttpException.404] exception 'CHttpException' with message 'سیستم توانایی یافتن عمل  "js" را ندارد.' in C:\xampp\htdocs\Yii\framework\web\CController.php:483
Stack trace:
#0 C:\xampp\htdocs\Yii\framework\web\CController.php(270): CController->missingAction('js')
#1 C:\xampp\htdocs\Yii\framework\web\CWebApplication.php(282): CController->run('js')
#2 C:\xampp\htdocs\Yii\framework\web\CWebApplication.php(141): CWebApplication->runController('site/js/jalaliC...')
#3 C:\xampp\htdocs\Yii\framework\base\CApplication.php(169): CWebApplication->processRequest()
#4 C:\xampp\htdocs\skykey\index.php(13): CApplication->run()
#5 {main}
REQUEST_URI=/skykey/index.php/site/js/jalaliCalendar/assets/js/calendar-setup.js
HTTP_REFERER=http://localhost/skykey/index.php/site/editstudent/stCode/2147483647
---
2014/01/06 09:29:09 [error] [exception.CHttpException.404] exception 'CHttpException' with message 'امکان پاسخ به درخواست "js/jalaliCalendar/assets/js/calendar.js" وجود ندارد' in C:\xampp\htdocs\Yii\framework\web\CWebApplication.php:286
Stack trace:
#0 C:\xampp\htdocs\Yii\framework\web\CWebApplication.php(141): CWebApplication->runController('js/jalaliCalend...')
#1 C:\xampp\htdocs\Yii\framework\base\CApplication.php(169): CWebApplication->processRequest()
#2 C:\xampp\htdocs\skykey\index.php(13): CApplication->run()
#3 {main}
REQUEST_URI=/skykey/index.php/js/jalaliCalendar/assets/js/calendar.js
HTTP_REFERER=http://localhost/skykey/index.php/site/editstudent/stCode/2147483647
---
2014/01/06 09:29:09 [error] [exception.CHttpException.404] exception 'CHttpException' with message 'امکان پاسخ به درخواست "js/jalaliCalendar/assets/js/jalali.js" وجود ندارد' in C:\xampp\htdocs\Yii\framework\web\CWebApplication.php:286
Stack trace:
#0 C:\xampp\htdocs\Yii\framework\web\CWebApplication.php(141): CWebApplication->runController('js/jalaliCalend...')
#1 C:\xampp\htdocs\Yii\framework\base\CApplication.php(169): CWebApplication->processRequest()
#2 C:\xampp\htdocs\skykey\index.php(13): CApplication->run()
#3 {main}
REQUEST_URI=/skykey/index.php/js/jalaliCalendar/assets/js/jalali.js
HTTP_REFERER=http://localhost/skykey/index.php/site/editstudent/stCode/2147483647
---
2014/01/06 09:29:09 [error] [exception.CHttpException.404] exception 'CHttpException' with message 'امکان پاسخ به درخواست "js/jalaliCalendar/assets/js/lang/calendar-fa.js" وجود ندارد' in C:\xampp\htdocs\Yii\framework\web\CWebApplication.php:286
Stack trace:
#0 C:\xampp\htdocs\Yii\framework\web\CWebApplication.php(141): CWebApplication->runController('js/jalaliCalend...')
#1 C:\xampp\htdocs\Yii\framework\base\CApplication.php(169): CWebApplication->processRequest()
#2 C:\xampp\htdocs\skykey\index.php(13): CApplication->run()
#3 {main}
REQUEST_URI=/skykey/index.php/js/jalaliCalendar/assets/js/lang/calendar-fa.js
HTTP_REFERER=http://localhost/skykey/index.php/site/editstudent/stCode/2147483647
---
2014/01/06 09:29:09 [error] [exception.CHttpException.404] exception 'CHttpException' with message 'امکان پاسخ به درخواست "js/jalaliCalendar/assets/js/calendar-setup.js" وجود ندارد' in C:\xampp\htdocs\Yii\framework\web\CWebApplication.php:286
Stack trace:
#0 C:\xampp\htdocs\Yii\framework\web\CWebApplication.php(141): CWebApplication->runController('js/jalaliCalend...')
#1 C:\xampp\htdocs\Yii\framework\base\CApplication.php(169): CWebApplication->processRequest()
#2 C:\xampp\htdocs\skykey\index.php(13): CApplication->run()
#3 {main}
REQUEST_URI=/skykey/index.php/js/jalaliCalendar/assets/js/calendar-setup.js
HTTP_REFERER=http://localhost/skykey/index.php/site/editstudent/stCode/2147483647
---
2014/01/06 09:29:09 [error] [exception.CHttpException.404] exception 'CHttpException' with message 'امکان پاسخ به درخواست "js/jalaliCalendar/assets/skins/aqua/theme.css" وجود ندارد' in C:\xampp\htdocs\Yii\framework\web\CWebApplication.php:286
Stack trace:
#0 C:\xampp\htdocs\Yii\framework\web\CWebApplication.php(141): CWebApplication->runController('js/jalaliCalend...')
#1 C:\xampp\htdocs\Yii\framework\base\CApplication.php(169): CWebApplication->processRequest()
#2 C:\xampp\htdocs\skykey\index.php(13): CApplication->run()
#3 {main}
REQUEST_URI=/skykey/index.php/js/jalaliCalendar/assets/skins/aqua/theme.css
HTTP_REFERER=http://localhost/skykey/index.php/site/editstudent/stCode/2147483647
---
2014/01/06 09:33:56 [warning] [application] Failed to set unsafe attribute "picture" of "EditstudentForm".
in C:\xampp\htdocs\skykey\protected\controllers\SiteController.php (902)
in C:\xampp\htdocs\skykey\index.php (13)
2014/01/06 09:35:06 [warning] [application] Failed to set unsafe attribute "picture" of "EditstudentForm".
in C:\xampp\htdocs\skykey\protected\controllers\SiteController.php (902)
in C:\xampp\htdocs\skykey\index.php (13)
2014/01/06 09:37:30 [warning] [application] Failed to set unsafe attribute "picture" of "EditstudentForm".
in C:\xampp\htdocs\skykey\protected\controllers\SiteController.php (902)
in C:\xampp\htdocs\skykey\index.php (13)
2014/01/06 09:39:38 [warning] [application] Failed to set unsafe attribute "picture" of "EditstudentForm".
in C:\xampp\htdocs\skykey\protected\controllers\SiteController.php (902)
in C:\xampp\htdocs\skykey\index.php (13)
2014/01/06 09:40:25 [warning] [application] Failed to set unsafe attribute "picture" of "EditstudentForm".
in C:\xampp\htdocs\skykey\protected\controllers\SiteController.php (902)
in C:\xampp\htdocs\skykey\index.php (13)
2014/01/06 10:13:52 [warning] [application] Failed to set unsafe attribute "picture" of "EditstudentForm".
in C:\xampp\htdocs\skykey\protected\controllers\SiteController.php (902)
in C:\xampp\htdocs\skykey\index.php (13)
2014/01/06 12:53:40 [error] [system.db.CDbCommand] CDbCommand::fetchColumn() failed: SQLSTATE[42S22]: Column not found: 1054 Unknown column 'month' in 'where clause'. The SQL statement executed was: SELECT count(*)
FROM `point`
WHERE actId=:actId and stCode=:stCode and month=:month and year=:year.
in C:\xampp\htdocs\skykey\protected\controllers\SiteController.php (1579)
in C:\xampp\htdocs\skykey\index.php (13)
2014/01/06 12:53:40 [error] [exception.CDbException] exception 'CDbException' with message 'خطای CDbCommand در اجرای SQL statement: SQLSTATE[42S22]: Column not found: 1054 Unknown column 'month' in 'where clause'. The SQL statement executed was: SELECT count(*)
FROM `point`
WHERE actId=:actId and stCode=:stCode and month=:month and year=:year' in C:\xampp\htdocs\Yii\framework\db\CDbCommand.php:541
Stack trace:
#0 C:\xampp\htdocs\Yii\framework\db\CDbCommand.php(432): CDbCommand->queryInternal('fetchColumn', 0, Array)
#1 C:\xampp\htdocs\skykey\protected\controllers\SiteController.php(1579): CDbCommand->queryScalar()
#2 C:\xampp\htdocs\Yii\framework\web\actions\CInlineAction.php(49): SiteController->actioncollectiveScoring()
#3 C:\xampp\htdocs\Yii\framework\web\CController.php(308): CInlineAction->runWithParams(Array)
#4 C:\xampp\htdocs\Yii\framework\web\CController.php(286): CController->runAction(Object(CInlineAction))
#5 C:\xampp\htdocs\Yii\framework\web\CController.php(265): CController->runActionWithFilters(Object(CInlineAction), Array)
#6 C:\xampp\htdocs\Yii\framework\web\CWebApplication.php(282): CController->run('CollectiveScori...')
#7 C:\xampp\htdocs\Yii\framework\web\CWebApplication.php(141): CWebApplication->runController('site/Collective...')
#8 C:\xampp\htdocs\Yii\framework\base\CApplication.php(169): CWebApplication->processRequest()
#9 C:\xampp\htdocs\skykey\index.php(13): CApplication->run()
#10 {main}
REQUEST_URI=/skykey/index.php/site/CollectiveScoring/actId/5
HTTP_REFERER=http://localhost/skykey/index.php/site/CollectiveScoring/actId/5
---
2014/01/06 13:06:57 [error] [system.db.CDbCommand] CDbCommand::execute() failed: SQLSTATE[23000]: Integrity constraint violation: 1048 Column 'pcounter' cannot be null. The SQL statement executed was: INSERT INTO point (actId,stCode, pcounter,da) VALUES(:actId,:stCode, :da, :pcounter).
in C:\xampp\htdocs\skykey\protected\controllers\SiteController.php (1590)
in C:\xampp\htdocs\skykey\index.php (13)
2014/01/06 13:06:57 [error] [exception.CDbException] exception 'CDbException' with message 'خطای CDbCommand در اجرای SQL statement: SQLSTATE[23000]: Integrity constraint violation: 1048 Column 'pcounter' cannot be null. The SQL statement executed was: INSERT INTO point (actId,stCode, pcounter,da) VALUES(:actId,:stCode, :da, :pcounter)' in C:\xampp\htdocs\Yii\framework\db\CDbCommand.php:357
Stack trace:
#0 C:\xampp\htdocs\skykey\protected\controllers\SiteController.php(1590): CDbCommand->execute()
#1 C:\xampp\htdocs\Yii\framework\web\actions\CInlineAction.php(49): SiteController->actioncollectiveScoring()
#2 C:\xampp\htdocs\Yii\framework\web\CController.php(308): CInlineAction->runWithParams(Array)
#3 C:\xampp\htdocs\Yii\framework\web\CController.php(286): CController->runAction(Object(CInlineAction))
#4 C:\xampp\htdocs\Yii\framework\web\CController.php(265): CController->runActionWithFilters(Object(CInlineAction), Array)
#5 C:\xampp\htdocs\Yii\framework\web\CWebApplication.php(282): CController->run('CollectiveScori...')
#6 C:\xampp\htdocs\Yii\framework\web\CWebApplication.php(141): CWebApplication->runController('site/Collective...')
#7 C:\xampp\htdocs\Yii\framework\base\CApplication.php(169): CWebApplication->processRequest()
#8 C:\xampp\htdocs\skykey\index.php(13): CApplication->run()
#9 {main}
REQUEST_URI=/skykey/index.php/site/CollectiveScoring/actId/5
HTTP_REFERER=http://localhost/skykey/index.php/site/CollectiveScoring/actId/5
---
2014/01/06 13:07:09 [error] [system.db.CDbCommand] CDbCommand::execute() failed: SQLSTATE[23000]: Integrity constraint violation: 1048 Column 'pcounter' cannot be null. The SQL statement executed was: INSERT INTO point (actId,stCode, pcounter,da) VALUES(:actId,:stCode, :da, :pcounter).
in C:\xampp\htdocs\skykey\protected\controllers\SiteController.php (1590)
in C:\xampp\htdocs\skykey\index.php (13)
2014/01/06 13:07:09 [error] [exception.CDbException] exception 'CDbException' with message 'خطای CDbCommand در اجرای SQL statement: SQLSTATE[23000]: Integrity constraint violation: 1048 Column 'pcounter' cannot be null. The SQL statement executed was: INSERT INTO point (actId,stCode, pcounter,da) VALUES(:actId,:stCode, :da, :pcounter)' in C:\xampp\htdocs\Yii\framework\db\CDbCommand.php:357
Stack trace:
#0 C:\xampp\htdocs\skykey\protected\controllers\SiteController.php(1590): CDbCommand->execute()
#1 C:\xampp\htdocs\Yii\framework\web\actions\CInlineAction.php(49): SiteController->actioncollectiveScoring()
#2 C:\xampp\htdocs\Yii\framework\web\CController.php(308): CInlineAction->runWithParams(Array)
#3 C:\xampp\htdocs\Yii\framework\web\CController.php(286): CController->runAction(Object(CInlineAction))
#4 C:\xampp\htdocs\Yii\framework\web\CController.php(265): CController->runActionWithFilters(Object(CInlineAction), Array)
#5 C:\xampp\htdocs\Yii\framework\web\CWebApplication.php(282): CController->run('CollectiveScori...')
#6 C:\xampp\htdocs\Yii\framework\web\CWebApplication.php(141): CWebApplication->runController('site/Collective...')
#7 C:\xampp\htdocs\Yii\framework\base\CApplication.php(169): CWebApplication->processRequest()
#8 C:\xampp\htdocs\skykey\index.php(13): CApplication->run()
#9 {main}
REQUEST_URI=/skykey/index.php/site/CollectiveScoring/actId/5
HTTP_REFERER=http://localhost/skykey/index.php/site/CollectiveScoring/actId/5
---
2014/01/06 13:08:33 [error] [system.db.CDbCommand] CDbCommand::execute() failed: SQLSTATE[23000]: Integrity constraint violation: 1048 Column 'pcounter' cannot be null. The SQL statement executed was: INSERT INTO point (actId,stCode, pcounter,da) VALUES(:actId,:stCode, :da, :pcounter).
in C:\xampp\htdocs\skykey\protected\controllers\SiteController.php (1590)
in C:\xampp\htdocs\skykey\index.php (13)
2014/01/06 13:08:33 [error] [exception.CDbException] exception 'CDbException' with message 'خطای CDbCommand در اجرای SQL statement: SQLSTATE[23000]: Integrity constraint violation: 1048 Column 'pcounter' cannot be null. The SQL statement executed was: INSERT INTO point (actId,stCode, pcounter,da) VALUES(:actId,:stCode, :da, :pcounter)' in C:\xampp\htdocs\Yii\framework\db\CDbCommand.php:357
Stack trace:
#0 C:\xampp\htdocs\skykey\protected\controllers\SiteController.php(1590): CDbCommand->execute()
#1 C:\xampp\htdocs\Yii\framework\web\actions\CInlineAction.php(49): SiteController->actioncollectiveScoring()
#2 C:\xampp\htdocs\Yii\framework\web\CController.php(308): CInlineAction->runWithParams(Array)
#3 C:\xampp\htdocs\Yii\framework\web\CController.php(286): CController->runAction(Object(CInlineAction))
#4 C:\xampp\htdocs\Yii\framework\web\CController.php(265): CController->runActionWithFilters(Object(CInlineAction), Array)
#5 C:\xampp\htdocs\Yii\framework\web\CWebApplication.php(282): CController->run('CollectiveScori...')
#6 C:\xampp\htdocs\Yii\framework\web\CWebApplication.php(141): CWebApplication->runController('site/Collective...')
#7 C:\xampp\htdocs\Yii\framework\base\CApplication.php(169): CWebApplication->processRequest()
#8 C:\xampp\htdocs\skykey\index.php(13): CApplication->run()
#9 {main}
REQUEST_URI=/skykey/index.php/site/CollectiveScoring/actId/5
HTTP_REFERER=http://localhost/skykey/index.php/site/CollectiveScoring/actId/5
---
2014/01/06 13:08:45 [error] [system.db.CDbCommand] CDbCommand::execute() failed: SQLSTATE[23000]: Integrity constraint violation: 1048 Column 'da' cannot be null. The SQL statement executed was: INSERT INTO point (actId,stCode, da, pcounter) VALUES(:actId,:stCode, :da, :pcounter).
in C:\xampp\htdocs\skykey\protected\controllers\SiteController.php (1590)
in C:\xampp\htdocs\skykey\index.php (13)
2014/01/06 13:08:45 [error] [exception.CDbException] exception 'CDbException' with message 'خطای CDbCommand در اجرای SQL statement: SQLSTATE[23000]: Integrity constraint violation: 1048 Column 'da' cannot be null. The SQL statement executed was: INSERT INTO point (actId,stCode, da, pcounter) VALUES(:actId,:stCode, :da, :pcounter)' in C:\xampp\htdocs\Yii\framework\db\CDbCommand.php:357
Stack trace:
#0 C:\xampp\htdocs\skykey\protected\controllers\SiteController.php(1590): CDbCommand->execute()
#1 C:\xampp\htdocs\Yii\framework\web\actions\CInlineAction.php(49): SiteController->actioncollectiveScoring()
#2 C:\xampp\htdocs\Yii\framework\web\CController.php(308): CInlineAction->runWithParams(Array)
#3 C:\xampp\htdocs\Yii\framework\web\CController.php(286): CController->runAction(Object(CInlineAction))
#4 C:\xampp\htdocs\Yii\framework\web\CController.php(265): CController->runActionWithFilters(Object(CInlineAction), Array)
#5 C:\xampp\htdocs\Yii\framework\web\CWebApplication.php(282): CController->run('CollectiveScori...')
#6 C:\xampp\htdocs\Yii\framework\web\CWebApplication.php(141): CWebApplication->runController('site/Collective...')
#7 C:\xampp\htdocs\Yii\framework\base\CApplication.php(169): CWebApplication->processRequest()
#8 C:\xampp\htdocs\skykey\index.php(13): CApplication->run()
#9 {main}
REQUEST_URI=/skykey/index.php/site/CollectiveScoring/actId/5
HTTP_REFERER=http://localhost/skykey/index.php/site/CollectiveScoring/actId/5
---
2014/01/06 13:09:03 [warning] [application] Failed to set unsafe attribute "da" of "CollectiveScoringForm".
in C:\xampp\htdocs\skykey\protected\controllers\SiteController.php (1566)
in C:\xampp\htdocs\skykey\index.php (13)
2014/01/06 13:09:03 [error] [system.db.CDbCommand] CDbCommand::execute() failed: SQLSTATE[23000]: Integrity constraint violation: 1048 Column 'da' cannot be null. The SQL statement executed was: INSERT INTO point (actId,stCode, da, pcounter) VALUES(:actId,:stCode, :da, :pcounter).
in C:\xampp\htdocs\skykey\protected\controllers\SiteController.php (1590)
in C:\xampp\htdocs\skykey\index.php (13)
2014/01/06 13:09:03 [error] [exception.CDbException] exception 'CDbException' with message 'خطای CDbCommand در اجرای SQL statement: SQLSTATE[23000]: Integrity constraint violation: 1048 Column 'da' cannot be null. The SQL statement executed was: INSERT INTO point (actId,stCode, da, pcounter) VALUES(:actId,:stCode, :da, :pcounter)' in C:\xampp\htdocs\Yii\framework\db\CDbCommand.php:357
Stack trace:
#0 C:\xampp\htdocs\skykey\protected\controllers\SiteController.php(1590): CDbCommand->execute()
#1 C:\xampp\htdocs\Yii\framework\web\actions\CInlineAction.php(49): SiteController->actioncollectiveScoring()
#2 C:\xampp\htdocs\Yii\framework\web\CController.php(308): CInlineAction->runWithParams(Array)
#3 C:\xampp\htdocs\Yii\framework\web\CController.php(286): CController->runAction(Object(CInlineAction))
#4 C:\xampp\htdocs\Yii\framework\web\CController.php(265): CController->runActionWithFilters(Object(CInlineAction), Array)
#5 C:\xampp\htdocs\Yii\framework\web\CWebApplication.php(282): CController->run('CollectiveScori...')
#6 C:\xampp\htdocs\Yii\framework\web\CWebApplication.php(141): CWebApplication->runController('site/Collective...')
#7 C:\xampp\htdocs\Yii\framework\base\CApplication.php(169): CWebApplication->processRequest()
#8 C:\xampp\htdocs\skykey\index.php(13): CApplication->run()
#9 {main}
REQUEST_URI=/skykey/index.php/site/CollectiveScoring/actId/5
HTTP_REFERER=http://localhost/skykey/index.php/site/CollectiveScoring/actId/5
---
2014/01/06 13:10:30 [error] [php] include(requiered.php): failed to open stream: No such file or directory (C:\xampp\htdocs\Yii\framework\YiiBase.php:421)
Stack trace:
#0 C:\xampp\htdocs\Yii\framework\validators\CValidator.php(186): import()
#1 C:\xampp\htdocs\Yii\framework\base\CModel.php(286): createValidator()
#2 C:\xampp\htdocs\Yii\framework\base\CModel.php(260): CollectiveScoringForm->createValidators()
#3 C:\xampp\htdocs\Yii\framework\base\CModel.php(546): CollectiveScoringForm->getValidators()
#4 C:\xampp\htdocs\Yii\framework\base\CModel.php(467): CollectiveScoringForm->getSafeAttributeNames()
#5 C:\xampp\htdocs\Yii\framework\base\CComponent.php(152): CollectiveScoringForm->setAttributes()
#6 C:\xampp\htdocs\skykey\protected\controllers\SiteController.php(1566): CollectiveScoringForm->__set()
#7 C:\xampp\htdocs\Yii\framework\web\actions\CInlineAction.php(49): SiteController->actioncollectiveScoring()
#8 C:\xampp\htdocs\Yii\framework\web\CController.php(308): CInlineAction->runWithParams()
#9 C:\xampp\htdocs\Yii\framework\web\CController.php(286): SiteController->runAction()
#10 C:\xampp\htdocs\Yii\framework\web\CController.php(265): SiteController->runActionWithFilters()
#11 C:\xampp\htdocs\Yii\framework\web\CWebApplication.php(282): SiteController->run()
#12 C:\xampp\htdocs\Yii\framework\web\CWebApplication.php(141): CWebApplication->runController()
#13 C:\xampp\htdocs\Yii\framework\base\CApplication.php(169): CWebApplication->processRequest()
#14 C:\xampp\htdocs\skykey\index.php(13): CWebApplication->run()
REQUEST_URI=/skykey/index.php/site/CollectiveScoring/actId/5
in C:\xampp\htdocs\skykey\protected\controllers\SiteController.php (1566)
in C:\xampp\htdocs\skykey\index.php (13)
2014/01/06 13:11:05 [warning] [application] Failed to set unsafe attribute "da" of "CollectiveScoringForm".
in C:\xampp\htdocs\skykey\protected\controllers\SiteController.php (1566)
in C:\xampp\htdocs\skykey\index.php (13)
2014/01/06 13:11:05 [error] [system.db.CDbCommand] CDbCommand::execute() failed: SQLSTATE[23000]: Integrity constraint violation: 1048 Column 'da' cannot be null. The SQL statement executed was: INSERT INTO point (actId,stCode, da, pcounter) VALUES(:actId,:stCode, :da, :pcounter).
in C:\xampp\htdocs\skykey\protected\controllers\SiteController.php (1590)
in C:\xampp\htdocs\skykey\index.php (13)
2014/01/06 13:11:05 [error] [exception.CDbException] exception 'CDbException' with message 'خطای CDbCommand در اجرای SQL statement: SQLSTATE[23000]: Integrity constraint violation: 1048 Column 'da' cannot be null. The SQL statement executed was: INSERT INTO point (actId,stCode, da, pcounter) VALUES(:actId,:stCode, :da, :pcounter)' in C:\xampp\htdocs\Yii\framework\db\CDbCommand.php:357
Stack trace:
#0 C:\xampp\htdocs\skykey\protected\controllers\SiteController.php(1590): CDbCommand->execute()
#1 C:\xampp\htdocs\Yii\framework\web\actions\CInlineAction.php(49): SiteController->actioncollectiveScoring()
#2 C:\xampp\htdocs\Yii\framework\web\CController.php(308): CInlineAction->runWithParams(Array)
#3 C:\xampp\htdocs\Yii\framework\web\CController.php(286): CController->runAction(Object(CInlineAction))
#4 C:\xampp\htdocs\Yii\framework\web\CController.php(265): CController->runActionWithFilters(Object(CInlineAction), Array)
#5 C:\xampp\htdocs\Yii\framework\web\CWebApplication.php(282): CController->run('CollectiveScori...')
#6 C:\xampp\htdocs\Yii\framework\web\CWebApplication.php(141): CWebApplication->runController('site/Collective...')
#7 C:\xampp\htdocs\Yii\framework\base\CApplication.php(169): CWebApplication->processRequest()
#8 C:\xampp\htdocs\skykey\index.php(13): CApplication->run()
#9 {main}
REQUEST_URI=/skykey/index.php/site/CollectiveScoring/actId/5
HTTP_REFERER=http://localhost/skykey/index.php/site/CollectiveScoring/actId/5
---
2014/01/06 13:11:31 [error] [system.db.CDbCommand] CDbCommand::execute() failed: SQLSTATE[23000]: Integrity constraint violation: 1048 Column 'da' cannot be null. The SQL statement executed was: INSERT INTO point (actId,stCode, da, pcounter) VALUES(:actId,:stCode, :da, :pcounter).
in C:\xampp\htdocs\skykey\protected\controllers\SiteController.php (1590)
in C:\xampp\htdocs\skykey\index.php (13)
2014/01/06 13:11:31 [error] [exception.CDbException] exception 'CDbException' with message 'خطای CDbCommand در اجرای SQL statement: SQLSTATE[23000]: Integrity constraint violation: 1048 Column 'da' cannot be null. The SQL statement executed was: INSERT INTO point (actId,stCode, da, pcounter) VALUES(:actId,:stCode, :da, :pcounter)' in C:\xampp\htdocs\Yii\framework\db\CDbCommand.php:357
Stack trace:
#0 C:\xampp\htdocs\skykey\protected\controllers\SiteController.php(1590): CDbCommand->execute()
#1 C:\xampp\htdocs\Yii\framework\web\actions\CInlineAction.php(49): SiteController->actioncollectiveScoring()
#2 C:\xampp\htdocs\Yii\framework\web\CController.php(308): CInlineAction->runWithParams(Array)
#3 C:\xampp\htdocs\Yii\framework\web\CController.php(286): CController->runAction(Object(CInlineAction))
#4 C:\xampp\htdocs\Yii\framework\web\CController.php(265): CController->runActionWithFilters(Object(CInlineAction), Array)
#5 C:\xampp\htdocs\Yii\framework\web\CWebApplication.php(282): CController->run('CollectiveScori...')
#6 C:\xampp\htdocs\Yii\framework\web\CWebApplication.php(141): CWebApplication->runController('site/Collective...')
#7 C:\xampp\htdocs\Yii\framework\base\CApplication.php(169): CWebApplication->processRequest()
#8 C:\xampp\htdocs\skykey\index.php(13): CApplication->run()
#9 {main}
REQUEST_URI=/skykey/index.php/site/CollectiveScoring/actId/5
HTTP_REFERER=http://localhost/skykey/index.php/site/CollectiveScoring/actId/5
---
2014/01/06 13:11:37 [error] [system.db.CDbCommand] CDbCommand::execute() failed: SQLSTATE[23000]: Integrity constraint violation: 1048 Column 'da' cannot be null. The SQL statement executed was: INSERT INTO point (actId,stCode, da, pcounter) VALUES(:actId,:stCode, :da, :pcounter).
in C:\xampp\htdocs\skykey\protected\controllers\SiteController.php (1590)
in C:\xampp\htdocs\skykey\index.php (13)
2014/01/06 13:11:37 [error] [exception.CDbException] exception 'CDbException' with message 'خطای CDbCommand در اجرای SQL statement: SQLSTATE[23000]: Integrity constraint violation: 1048 Column 'da' cannot be null. The SQL statement executed was: INSERT INTO point (actId,stCode, da, pcounter) VALUES(:actId,:stCode, :da, :pcounter)' in C:\xampp\htdocs\Yii\framework\db\CDbCommand.php:357
Stack trace:
#0 C:\xampp\htdocs\skykey\protected\controllers\SiteController.php(1590): CDbCommand->execute()
#1 C:\xampp\htdocs\Yii\framework\web\actions\CInlineAction.php(49): SiteController->actioncollectiveScoring()
#2 C:\xampp\htdocs\Yii\framework\web\CController.php(308): CInlineAction->runWithParams(Array)
#3 C:\xampp\htdocs\Yii\framework\web\CController.php(286): CController->runAction(Object(CInlineAction))
#4 C:\xampp\htdocs\Yii\framework\web\CController.php(265): CController->runActionWithFilters(Object(CInlineAction), Array)
#5 C:\xampp\htdocs\Yii\framework\web\CWebApplication.php(282): CController->run('CollectiveScori...')
#6 C:\xampp\htdocs\Yii\framework\web\CWebApplication.php(141): CWebApplication->runController('site/Collective...')
#7 C:\xampp\htdocs\Yii\framework\base\CApplication.php(169): CWebApplication->processRequest()
#8 C:\xampp\htdocs\skykey\index.php(13): CApplication->run()
#9 {main}
REQUEST_URI=/skykey/index.php/site/CollectiveScoring/actId/5
HTTP_REFERER=http://localhost/skykey/index.php/site/CollectiveScoring/actId/5
---
2014/01/06 13:13:15 [error] [system.db.CDbCommand] CDbCommand::execute() failed: SQLSTATE[23000]: Integrity constraint violation: 1048 Column 'da' cannot be null. The SQL statement executed was: INSERT INTO point (actId,stCode, da, pcounter) VALUES(:actId,:stCode, :da, :pcounter).
in C:\xampp\htdocs\skykey\protected\controllers\SiteController.php (1590)
in C:\xampp\htdocs\skykey\index.php (13)
2014/01/06 13:13:15 [error] [exception.CDbException] exception 'CDbException' with message 'خطای CDbCommand در اجرای SQL statement: SQLSTATE[23000]: Integrity constraint violation: 1048 Column 'da' cannot be null. The SQL statement executed was: INSERT INTO point (actId,stCode, da, pcounter) VALUES(:actId,:stCode, :da, :pcounter)' in C:\xampp\htdocs\Yii\framework\db\CDbCommand.php:357
Stack trace:
#0 C:\xampp\htdocs\skykey\protected\controllers\SiteController.php(1590): CDbCommand->execute()
#1 C:\xampp\htdocs\Yii\framework\web\actions\CInlineAction.php(49): SiteController->actioncollectiveScoring()
#2 C:\xampp\htdocs\Yii\framework\web\CController.php(308): CInlineAction->runWithParams(Array)
#3 C:\xampp\htdocs\Yii\framework\web\CController.php(286): CController->runAction(Object(CInlineAction))
#4 C:\xampp\htdocs\Yii\framework\web\CController.php(265): CController->runActionWithFilters(Object(CInlineAction), Array)
#5 C:\xampp\htdocs\Yii\framework\web\CWebApplication.php(282): CController->run('CollectiveScori...')
#6 C:\xampp\htdocs\Yii\framework\web\CWebApplication.php(141): CWebApplication->runController('site/Collective...')
#7 C:\xampp\htdocs\Yii\framework\base\CApplication.php(169): CWebApplication->processRequest()
#8 C:\xampp\htdocs\skykey\index.php(13): CApplication->run()
#9 {main}
REQUEST_URI=/skykey/index.php/site/CollectiveScoring/actId/5
HTTP_REFERER=http://localhost/skykey/index.php/site/CollectiveScoring/actId/5
---
2014/01/06 13:13:32 [error] [system.db.CDbCommand] CDbCommand::execute() failed: SQLSTATE[23000]: Integrity constraint violation: 1048 Column 'da' cannot be null. The SQL statement executed was: INSERT INTO point (actId,stCode, da, pcounter) VALUES(:actId,:stCode, :da, :pcounter).
in C:\xampp\htdocs\skykey\protected\controllers\SiteController.php (1590)
in C:\xampp\htdocs\skykey\index.php (13)
2014/01/06 13:13:32 [error] [exception.CDbException] exception 'CDbException' with message 'خطای CDbCommand در اجرای SQL statement: SQLSTATE[23000]: Integrity constraint violation: 1048 Column 'da' cannot be null. The SQL statement executed was: INSERT INTO point (actId,stCode, da, pcounter) VALUES(:actId,:stCode, :da, :pcounter)' in C:\xampp\htdocs\Yii\framework\db\CDbCommand.php:357
Stack trace:
#0 C:\xampp\htdocs\skykey\protected\controllers\SiteController.php(1590): CDbCommand->execute()
#1 C:\xampp\htdocs\Yii\framework\web\actions\CInlineAction.php(49): SiteController->actioncollectiveScoring()
#2 C:\xampp\htdocs\Yii\framework\web\CController.php(308): CInlineAction->runWithParams(Array)
#3 C:\xampp\htdocs\Yii\framework\web\CController.php(286): CController->runAction(Object(CInlineAction))
#4 C:\xampp\htdocs\Yii\framework\web\CController.php(265): CController->runActionWithFilters(Object(CInlineAction), Array)
#5 C:\xampp\htdocs\Yii\framework\web\CWebApplication.php(282): CController->run('CollectiveScori...')
#6 C:\xampp\htdocs\Yii\framework\web\CWebApplication.php(141): CWebApplication->runController('site/Collective...')
#7 C:\xampp\htdocs\Yii\framework\base\CApplication.php(169): CWebApplication->processRequest()
#8 C:\xampp\htdocs\skykey\index.php(13): CApplication->run()
#9 {main}
REQUEST_URI=/skykey/index.php/site/CollectiveScoring/actId/5
HTTP_REFERER=http://localhost/skykey/index.php/site/CollectiveScoring/actId/5
---
2014/01/06 13:17:32 [error] [system.db.CDbCommand] CDbCommand::execute() failed: SQLSTATE[23000]: Integrity constraint violation: 1048 Column 'da' cannot be null. The SQL statement executed was: INSERT INTO point (actId,stCode, da, pcounter) VALUES(:actId,:stCode, :da, :pcounter).
in C:\xampp\htdocs\skykey\protected\controllers\SiteController.php (1590)
in C:\xampp\htdocs\skykey\index.php (13)
2014/01/06 13:17:32 [error] [exception.CDbException] exception 'CDbException' with message 'خطای CDbCommand در اجرای SQL statement: SQLSTATE[23000]: Integrity constraint violation: 1048 Column 'da' cannot be null. The SQL statement executed was: INSERT INTO point (actId,stCode, da, pcounter) VALUES(:actId,:stCode, :da, :pcounter)' in C:\xampp\htdocs\Yii\framework\db\CDbCommand.php:357
Stack trace:
#0 C:\xampp\htdocs\skykey\protected\controllers\SiteController.php(1590): CDbCommand->execute()
#1 C:\xampp\htdocs\Yii\framework\web\actions\CInlineAction.php(49): SiteController->actioncollectiveScoring()
#2 C:\xampp\htdocs\Yii\framework\web\CController.php(308): CInlineAction->runWithParams(Array)
#3 C:\xampp\htdocs\Yii\framework\web\CController.php(286): CController->runAction(Object(CInlineAction))
#4 C:\xampp\htdocs\Yii\framework\web\CController.php(265): CController->runActionWithFilters(Object(CInlineAction), Array)
#5 C:\xampp\htdocs\Yii\framework\web\CWebApplication.php(282): CController->run('CollectiveScori...')
#6 C:\xampp\htdocs\Yii\framework\web\CWebApplication.php(141): CWebApplication->runController('site/Collective...')
#7 C:\xampp\htdocs\Yii\framework\base\CApplication.php(169): CWebApplication->processRequest()
#8 C:\xampp\htdocs\skykey\index.php(13): CApplication->run()
#9 {main}
REQUEST_URI=/skykey/index.php/site/CollectiveScoring/actId/5
HTTP_REFERER=http://localhost/skykey/index.php/site/CollectiveScoring/actId/5
---
2014/01/06 13:33:24 [error] [php] Undefined variable: stCode (C:\xampp\htdocs\skykey\protected\views\site\editstudent.php:7)
Stack trace:
#0 C:\xampp\htdocs\Yii\framework\web\CController.php(869): SiteController->renderFile()
#1 C:\xampp\htdocs\Yii\framework\web\CController.php(782): SiteController->renderPartial()
#2 C:\xampp\htdocs\skykey\protected\controllers\SiteController.php(921): SiteController->render()
#3 C:\xampp\htdocs\Yii\framework\web\actions\CInlineAction.php(49): SiteController->actionEditstudent()
#4 C:\xampp\htdocs\Yii\framework\web\CController.php(308): CInlineAction->runWithParams()
#5 C:\xampp\htdocs\Yii\framework\web\CController.php(286): SiteController->runAction()
#6 C:\xampp\htdocs\Yii\framework\web\CController.php(265): SiteController->runActionWithFilters()
#7 C:\xampp\htdocs\Yii\framework\web\CWebApplication.php(282): SiteController->run()
#8 C:\xampp\htdocs\Yii\framework\web\CWebApplication.php(141): CWebApplication->runController()
#9 C:\xampp\htdocs\Yii\framework\base\CApplication.php(169): CWebApplication->processRequest()
#10 C:\xampp\htdocs\skykey\index.php(13): CWebApplication->run()
REQUEST_URI=/skykey/index.php/site/editstudent/stCode/2147483647
in C:\xampp\htdocs\skykey\protected\views\site\editstudent.php (7)
in C:\xampp\htdocs\skykey\protected\controllers\SiteController.php (921)
in C:\xampp\htdocs\skykey\index.php (13)
2014/01/06 13:35:34 [error] [php] Undefined index: stCode (C:\xampp\htdocs\skykey\protected\controllers\SiteController.php:889)
Stack trace:
#0 C:\xampp\htdocs\Yii\framework\web\CController.php(286): SiteController->runAction()
#1 C:\xampp\htdocs\Yii\framework\web\CController.php(265): SiteController->runActionWithFilters()
#2 C:\xampp\htdocs\Yii\framework\web\CWebApplication.php(282): SiteController->run()
#3 C:\xampp\htdocs\Yii\framework\web\CWebApplication.php(141): CWebApplication->runController()
#4 C:\xampp\htdocs\Yii\framework\base\CApplication.php(169): CWebApplication->processRequest()
#5 C:\xampp\htdocs\skykey\index.php(13): CWebApplication->run()
REQUEST_URI=/skykey/index.php/site/editstudent/
in C:\xampp\htdocs\skykey\protected\controllers\SiteController.php (889)
in C:\xampp\htdocs\skykey\index.php (13)
2014/01/06 13:43:11 [error] [php] Undefined index: rewardTopic (C:\xampp\htdocs\skykey\protected\controllers\SiteController.php:1172)
Stack trace:
#0 C:\xampp\htdocs\Yii\framework\web\CController.php(286): SiteController->runAction()
#1 C:\xampp\htdocs\Yii\framework\web\CController.php(265): SiteController->runActionWithFilters()
#2 C:\xampp\htdocs\Yii\framework\web\CWebApplication.php(282): SiteController->run()
#3 C:\xampp\htdocs\Yii\framework\web\CWebApplication.php(141): CWebApplication->runController()
#4 C:\xampp\htdocs\Yii\framework\base\CApplication.php(169): CWebApplication->processRequest()
#5 C:\xampp\htdocs\skykey\index.php(13): CWebApplication->run()
REQUEST_URI=/skykey/index.php/site/editprize/
in C:\xampp\htdocs\skykey\protected\controllers\SiteController.php (1172)
in C:\xampp\htdocs\skykey\index.php (13)
2014/01/06 13:45:04 [warning] [application] Failed to set unsafe attribute "rewardTopic" of "EditprizeForm".
in C:\xampp\htdocs\skykey\protected\controllers\SiteController.php (1184)
in C:\xampp\htdocs\skykey\index.php (13)
2014/01/06 17:06:08 [error] [php] Undefined index: actId (C:\xampp\htdocs\skykey\protected\controllers\SiteController.php:1640)
Stack trace:
#0 C:\xampp\htdocs\Yii\framework\web\CController.php(286): SiteController->runAction()
#1 C:\xampp\htdocs\Yii\framework\web\CController.php(265): SiteController->runActionWithFilters()
#2 C:\xampp\htdocs\Yii\framework\web\CWebApplication.php(282): SiteController->run()
#3 C:\xampp\htdocs\Yii\framework\web\CWebApplication.php(141): CWebApplication->runController()
#4 C:\xampp\htdocs\Yii\framework\base\CApplication.php(169): CWebApplication->processRequest()
#5 C:\xampp\htdocs\skykey\index.php(13): CWebApplication->run()
REQUEST_URI=/skykey/index.php/site/CollectiveAction/
in C:\xampp\htdocs\skykey\protected\controllers\SiteController.php (1640)
in C:\xampp\htdocs\skykey\index.php (13)
2014/01/07 05:35:02 [error] [exception.CHttpException.404] exception 'CHttpException' with message 'امکان پاسخ به درخواست "si" وجود ندارد' in C:\xampp\htdocs\Yii\framework\web\CWebApplication.php:286
Stack trace:
#0 C:\xampp\htdocs\Yii\framework\web\CWebApplication.php(141): CWebApplication->runController('si')
#1 C:\xampp\htdocs\Yii\framework\base\CApplication.php(169): CWebApplication->processRequest()
#2 C:\xampp\htdocs\skykey\index.php(13): CApplication->run()
#3 {main}
REQUEST_URI=/skykey/index.php/si
---
2014/01/07 05:39:10 [error] [php] Undefined index: actId (C:\xampp\htdocs\skykey\protected\controllers\SiteController.php:1528)
Stack trace:
#0 C:\xampp\htdocs\Yii\framework\web\CController.php(286): SiteController->runAction()
#1 C:\xampp\htdocs\Yii\framework\web\CController.php(265): SiteController->runActionWithFilters()
#2 C:\xampp\htdocs\Yii\framework\web\CWebApplication.php(282): SiteController->run()
#3 C:\xampp\htdocs\Yii\framework\web\CWebApplication.php(141): CWebApplication->runController()
#4 C:\xampp\htdocs\Yii\framework\base\CApplication.php(169): CWebApplication->processRequest()
#5 C:\xampp\htdocs\skykey\index.php(13): CWebApplication->run()
REQUEST_URI=/skykey/index.php/site/CollectiveScoring/
in C:\xampp\htdocs\skykey\protected\controllers\SiteController.php (1528)
in C:\xampp\htdocs\skykey\index.php (13)
